<?xml version="1.0" encoding="UTF-8"?>
<testsuite name="work.home.tests.AuthorizationAndCheckTextsFromButtonTest" tests="1" skipped="0" failures="0" errors="0" timestamp="2022-10-24T20:00:16" hostname="MacBook-Pro.local" time="0.018">
  <properties/>
  <testcase name="zipTest()" classname="work.home.tests.AuthorizationAndCheckTextsFromButtonTest" time="0.018"/>
  <system-out><![CDATA[TestFile/
__MACOSX/._TestFile
TestFile/TestXLS.xlsx
__MACOSX/TestFile/._TestXLS.xlsx
TestFile/TestPDF.pdf
__MACOSX/TestFile/._TestPDF.pdf
TestFile/test.png
__MACOSX/TestFile/._test.png
TestFile/TestCSV.csv
__MACOSX/TestFile/._TestCSV.csv
]]></system-out>
  <system-err><![CDATA[SLF4J: No SLF4J providers were found.
SLF4J: Defaulting to no-operation (NOP) logger implementation
SLF4J: See http://www.slf4j.org/codes.html#noProviders for further details.
]]></system-err>
</testsuite>
