<?xml version="1.0" encoding="UTF-8"?>
<testsuite name="work.home.tests.JsonTest" tests="1" skipped="0" failures="0" errors="0" timestamp="2022-10-29T12:20:25" hostname="MacBook-Pro" time="0.107">
  <properties/>
  <testcase name="jsonTest()" classname="work.home.tests.JsonTest" time="0.107"/>
  <system-out><![CDATA[]]></system-out>
  <system-err><![CDATA[]]></system-err>
</testsuite>
